\BOOKMARK [1][]{section.2}{1 Einleitung}{}% 1
\BOOKMARK [2][]{subsection.3}{1.1 Motivation}{section.2}% 2
\BOOKMARK [2][]{subsection.4}{1.2 \334berblick}{section.2}% 3
\BOOKMARK [1][]{section.6}{2 Theorie}{}% 4
\BOOKMARK [2][]{subsection.7}{2.1 Die ged\344mpfte erzwungene Schwingung}{section.6}% 5
\BOOKMARK [2][]{subsection.10}{2.2 Die homogene Differentialgleichung}{section.6}% 6
\BOOKMARK [2][]{subsection.15}{2.3 Interpretation und logarithmisches Dekrement}{section.6}% 7
\BOOKMARK [2][]{subsection.17}{2.4 Die inhomogene Differentialgleichung}{section.6}% 8
\BOOKMARK [2][]{subsection.24}{2.5 Die Amplitudengleichung}{section.6}% 9
\BOOKMARK [2][]{subsection.27}{2.6 Phasenverschiebung}{section.6}% 10
\BOOKMARK [1][]{section.28}{3 Der Versuch}{}% 11
\BOOKMARK [2][]{subsection.29}{3.1 Versuchsaufbau}{section.28}% 12
\BOOKMARK [2][]{subsection.30}{3.2 Durchf\374hrung}{section.28}% 13
\BOOKMARK [1][]{section.31}{4 Auswertung}{}% 14
\BOOKMARK [2][]{subsection.32}{4.1 Schwingungen ohne Anregungen}{section.31}% 15
\BOOKMARK [2][]{subsection.36}{4.2 Schwingungen mit Anregungen}{section.31}% 16
\BOOKMARK [1][]{section.40}{5 Fehlerrechnung}{}% 17
\BOOKMARK [2][]{subsection.41}{5.1 Aufnahme der Werte}{section.40}% 18
\BOOKMARK [2][]{subsection.42}{5.2 Logarithmisches Dekrement}{section.40}% 19
\BOOKMARK [2][]{subsection.45}{5.3 Eigenfrequenz}{section.40}% 20
\BOOKMARK [2][]{subsection.47}{5.4 Resonanzfrequenz}{section.40}% 21
\BOOKMARK [2][]{subsection.49}{5.5 Diskrete Fouriertransformation}{section.40}% 22
\BOOKMARK [1][]{section.51}{6 Diskussion}{}% 23
\BOOKMARK [2][]{subsection.52}{6.1 Fehlerdiskussion}{section.51}% 24
